<?xml version="1.0" encoding="UTF-8"?>
<testsuite xmlns:xsi="http://www.w3.org/2001/XMLSchema-instance" xsi:noNamespaceSchemaLocation="https://maven.apache.org/surefire/maven-surefire-plugin/xsd/surefire-test-report.xsd" name="testes.SetupTest" time="74.399" tests="5" errors="0" skipped="0" failures="0">
  <properties>
[...]
</properties>
  <testcase name="testLogin" classname="testes.SetupTest" time="26.767"/>
  <testcase name="testOpeningBrowserandLoadingPage" classname="testes.SetupTest" time="8.59"/>
  <testcase name="testAcessCategoryTShirts" classname="testes.SetupTest" time="9.304"/>
  <testcase name="testAddProductToCartPage" classname="testes.SetupTest" time="15.065"/>
  <testcase name="testProductPage" classname="testes.SetupTest" time="13.693"/>
</testsuite>