<?xml version="1.0" encoding="UTF-8"?>
<testsuite xmlns:xsi="http://www.w3.org/2001/XMLSchema-instance" xsi:noNamespaceSchemaLocation="https://maven.apache.org/surefire/maven-surefire-plugin/xsd/surefire-test-report.xsd" name="testes.SetupTest" time="98.483" tests="6" errors="0" skipped="0" failures="0">
  <properties>
[...]
</properties>
  <testcase name="testLogin" classname="testes.SetupTest" time="24.914"/>
  <testcase name="testSeach" classname="testes.SetupTest" time="22.405"/>
  <testcase name="testOpeningBrowserandLoadingPage" classname="testes.SetupTest" time="11.292"/>
  <testcase name="testAcessCategoryTShirts" classname="testes.SetupTest" time="10.147"/>
  <testcase name="testAddProductToCartPage" classname="testes.SetupTest" time="15.336"/>
  <testcase name="testProductPage" classname="testes.SetupTest" time="13.099"/>
</testsuite>